<?xml version="1.0" encoding="UTF-8"?>
<testsuite name="SaffSqueeze" tests="1" skipped="0" failures="1" errors="0" timestamp="2016-06-23T09:21:24" hostname="ELSCAMM-155939.science.regn.net" time="0.005">
  <properties/>
  <testcase name="first_saff" classname="SaffSqueeze" time="0.005">
    <failure message="org.junit.ComparisonFailure: expected:&lt;...  | 00:30         | [Titanic            | 00:30    |&#10;| 00:10    | Tarsonis      | 00:45         | Hyperion           | 00:55    |&#10;| 00:20    | Mos Eisley    | 00:30         | Millenium Falcon   | 00:50    |&#10;| 00:40    | Mos Eisley    | 00:30         | Golden Hind        | 01:10    |&#10;| 01:00    | Mos Eisley    | 00:30         | Enterprise         | 01:30    |&#10;| 01:10    | Tarsonis      | 00:45         | Hood               | 01:55    |&#10;| 01:20    | Mos Eisley    | 00:30         | Tempest            | 01:50    |&#10;| 01:40    | Mos Eisley    | 00:30         | Dreadnaught        | 02:10    |&#10;&#10;Departures from Mos Eisley&#10;&#10; --------------------------------------------------------------------------&#10;| Time     | Destination   | Journey Time  | Ferry              | Arrives  |&#10; --------------------------------------------------------------------------&#10;| 00:10    | Port Ellen    | 00:30         | Enterprise         | 00:40    |&#10;| 00:30    | Port Ellen    | 00:30         | Tempest            | 01:00    |&#10;| 00:40    | Tarsonis      | 00:35         | Black Pearl        | 01:15    |&#10;| 00:50    | Port Ellen    | 00:30         | Titanic            | 01:20    |&#10;| 01:10    | Port Ellen    | 00:30         | Millenium Falcon   | 01:40    |&#10;| 01:30    | Port Ellen    | 00:30         | Golden Hind        | 02:00    |&#10;| 01:40    | Tarsonis      | 00:35         | Defiant            | 02:15    |&#10;| 01:50    | Port Ellen    | 00:30         | Enterprise         | 02:20    |&#10;&#10;Departures from Tarsonis&#10;&#10; --------------------------------------------------------------------------&#10;| Time     | Destination   | Journey Time  | Ferry              | Arrives  |&#10; --------------------------------------------------------------------------&#10;| 00:25    | Port Ellen    | 00:45         | Dreadnaught        | 01:10    |&#10;| 00:40    | Mos Eisley    | 00:35         | Defiant            | 01:15    |&#10;| 01:25    | Port Ellen    | 00:45         | Hyperion]           | 02:10  ...&gt; but was:&lt;...  | 00:30         | [                   | 00:30    |&#10;| 00:10    | Tarsonis      | 00:45         | Titanic            | 00:55    |&#10;| 00:20    | Mos Eisley    | 00:30         | Hyperion           | 00:50    |&#10;| 00:40    | Mos Eisley    | 00:30         | Millenium Falcon   | 01:10    |&#10;| 01:00    | Mos Eisley    | 00:30         | Golden Hind        | 01:30    |&#10;| 01:10    | Tarsonis      | 00:45         | Enterprise         | 01:55    |&#10;| 01:20    | Mos Eisley    | 00:30         | Hood               | 01:50    |&#10;| 01:40    | Mos Eisley    | 00:30         | Tempest            | 02:10    |&#10;&#10;Departures from Mos Eisley&#10;&#10; --------------------------------------------------------------------------&#10;| Time     | Destination   | Journey Time  | Ferry              | Arrives  |&#10; --------------------------------------------------------------------------&#10;| 00:10    | Port Ellen    | 00:30         | Enterprise         | 00:40    |&#10;| 00:30    | Port Ellen    | 00:30         | Tempest            | 01:00    |&#10;| 00:40    | Tarsonis      | 00:35         | Black Pearl        | 01:15    |&#10;| 00:50    | Port Ellen    | 00:30         |                    | 01:20    |&#10;| 01:10    | Port Ellen    | 00:30         | Hyperion           | 01:40    |&#10;| 01:30    | Port Ellen    | 00:30         | Millenium Falcon   | 02:00    |&#10;| 01:40    | Tarsonis      | 00:35         | Defiant            | 02:15    |&#10;| 01:50    | Port Ellen    | 00:30         | Golden Hind        | 02:20    |&#10;&#10;Departures from Tarsonis&#10;&#10; --------------------------------------------------------------------------&#10;| Time     | Destination   | Journey Time  | Ferry              | Arrives  |&#10; --------------------------------------------------------------------------&#10;| 00:25    | Port Ellen    | 00:45         | Dreadnaught        | 01:10    |&#10;| 00:40    | Mos Eisley    | 00:35         | Defiant            | 01:15    |&#10;| 01:25    | Port Ellen    | 00:45         | Titanic ]           | 02:10  ...&gt;" type="org.junit.ComparisonFailure">org.junit.ComparisonFailure: expected:&lt;...  | 00:30         | [Titanic            | 00:30    |
| 00:10    | Tarsonis      | 00:45         | Hyperion           | 00:55    |
| 00:20    | Mos Eisley    | 00:30         | Millenium Falcon   | 00:50    |
| 00:40    | Mos Eisley    | 00:30         | Golden Hind        | 01:10    |
| 01:00    | Mos Eisley    | 00:30         | Enterprise         | 01:30    |
| 01:10    | Tarsonis      | 00:45         | Hood               | 01:55    |
| 01:20    | Mos Eisley    | 00:30         | Tempest            | 01:50    |
| 01:40    | Mos Eisley    | 00:30         | Dreadnaught        | 02:10    |

Departures from Mos Eisley

 --------------------------------------------------------------------------
| Time     | Destination   | Journey Time  | Ferry              | Arrives  |
 --------------------------------------------------------------------------
| 00:10    | Port Ellen    | 00:30         | Enterprise         | 00:40    |
| 00:30    | Port Ellen    | 00:30         | Tempest            | 01:00    |
| 00:40    | Tarsonis      | 00:35         | Black Pearl        | 01:15    |
| 00:50    | Port Ellen    | 00:30         | Titanic            | 01:20    |
| 01:10    | Port Ellen    | 00:30         | Millenium Falcon   | 01:40    |
| 01:30    | Port Ellen    | 00:30         | Golden Hind        | 02:00    |
| 01:40    | Tarsonis      | 00:35         | Defiant            | 02:15    |
| 01:50    | Port Ellen    | 00:30         | Enterprise         | 02:20    |

Departures from Tarsonis

 --------------------------------------------------------------------------
| Time     | Destination   | Journey Time  | Ferry              | Arrives  |
 --------------------------------------------------------------------------
| 00:25    | Port Ellen    | 00:45         | Dreadnaught        | 01:10    |
| 00:40    | Mos Eisley    | 00:35         | Defiant            | 01:15    |
| 01:25    | Port Ellen    | 00:45         | Hyperion]           | 02:10  ...&gt; but was:&lt;...  | 00:30         | [                   | 00:30    |
| 00:10    | Tarsonis      | 00:45         | Titanic            | 00:55    |
| 00:20    | Mos Eisley    | 00:30         | Hyperion           | 00:50    |
| 00:40    | Mos Eisley    | 00:30         | Millenium Falcon   | 01:10    |
| 01:00    | Mos Eisley    | 00:30         | Golden Hind        | 01:30    |
| 01:10    | Tarsonis      | 00:45         | Enterprise         | 01:55    |
| 01:20    | Mos Eisley    | 00:30         | Hood               | 01:50    |
| 01:40    | Mos Eisley    | 00:30         | Tempest            | 02:10    |

Departures from Mos Eisley

 --------------------------------------------------------------------------
| Time     | Destination   | Journey Time  | Ferry              | Arrives  |
 --------------------------------------------------------------------------
| 00:10    | Port Ellen    | 00:30         | Enterprise         | 00:40    |
| 00:30    | Port Ellen    | 00:30         | Tempest            | 01:00    |
| 00:40    | Tarsonis      | 00:35         | Black Pearl        | 01:15    |
| 00:50    | Port Ellen    | 00:30         |                    | 01:20    |
| 01:10    | Port Ellen    | 00:30         | Hyperion           | 01:40    |
| 01:30    | Port Ellen    | 00:30         | Millenium Falcon   | 02:00    |
| 01:40    | Tarsonis      | 00:35         | Defiant            | 02:15    |
| 01:50    | Port Ellen    | 00:30         | Golden Hind        | 02:20    |

Departures from Tarsonis

 --------------------------------------------------------------------------
| Time     | Destination   | Journey Time  | Ferry              | Arrives  |
 --------------------------------------------------------------------------
| 00:25    | Port Ellen    | 00:45         | Dreadnaught        | 01:10    |
| 00:40    | Mos Eisley    | 00:35         | Defiant            | 01:15    |
| 01:25    | Port Ellen    | 00:45         | Titanic ]           | 02:10  ...&gt;
	at org.junit.Assert.assertEquals(Assert.java:115)
	at org.junit.Assert.assertEquals(Assert.java:144)
	at SaffSqueeze.first_saff(SaffSqueeze.java:50)
	at sun.reflect.NativeMethodAccessorImpl.invoke0(Native Method)
	at sun.reflect.NativeMethodAccessorImpl.invoke(NativeMethodAccessorImpl.java:62)
	at sun.reflect.DelegatingMethodAccessorImpl.invoke(DelegatingMethodAccessorImpl.java:43)
	at java.lang.reflect.Method.invoke(Method.java:497)
	at org.junit.runners.model.FrameworkMethod$1.runReflectiveCall(FrameworkMethod.java:50)
	at org.junit.internal.runners.model.ReflectiveCallable.run(ReflectiveCallable.java:12)
	at org.junit.runners.model.FrameworkMethod.invokeExplosively(FrameworkMethod.java:47)
	at org.junit.internal.runners.statements.InvokeMethod.evaluate(InvokeMethod.java:17)
	at org.junit.runners.ParentRunner.runLeaf(ParentRunner.java:325)
	at org.junit.runners.BlockJUnit4ClassRunner.runChild(BlockJUnit4ClassRunner.java:78)
	at org.junit.runners.BlockJUnit4ClassRunner.runChild(BlockJUnit4ClassRunner.java:57)
	at org.junit.runners.ParentRunner$3.run(ParentRunner.java:290)
	at org.junit.runners.ParentRunner$1.schedule(ParentRunner.java:71)
	at org.junit.runners.ParentRunner.runChildren(ParentRunner.java:288)
	at org.junit.runners.ParentRunner.access$000(ParentRunner.java:58)
	at org.junit.runners.ParentRunner$2.evaluate(ParentRunner.java:268)
	at org.junit.runners.ParentRunner.run(ParentRunner.java:363)
	at org.gradle.api.internal.tasks.testing.junit.JUnitTestClassExecuter.runTestClass(JUnitTestClassExecuter.java:105)
	at org.gradle.api.internal.tasks.testing.junit.JUnitTestClassExecuter.execute(JUnitTestClassExecuter.java:56)
	at org.gradle.api.internal.tasks.testing.junit.JUnitTestClassProcessor.processTestClass(JUnitTestClassProcessor.java:64)
	at org.gradle.api.internal.tasks.testing.SuiteTestClassProcessor.processTestClass(SuiteTestClassProcessor.java:50)
	at sun.reflect.NativeMethodAccessorImpl.invoke0(Native Method)
	at sun.reflect.NativeMethodAccessorImpl.invoke(NativeMethodAccessorImpl.java:62)
	at sun.reflect.DelegatingMethodAccessorImpl.invoke(DelegatingMethodAccessorImpl.java:43)
	at java.lang.reflect.Method.invoke(Method.java:497)
	at org.gradle.messaging.dispatch.ReflectionDispatch.dispatch(ReflectionDispatch.java:35)
	at org.gradle.messaging.dispatch.ReflectionDispatch.dispatch(ReflectionDispatch.java:24)
	at org.gradle.messaging.dispatch.ContextClassLoaderDispatch.dispatch(ContextClassLoaderDispatch.java:32)
	at org.gradle.messaging.dispatch.ProxyDispatchAdapter$DispatchingInvocationHandler.invoke(ProxyDispatchAdapter.java:93)
	at com.sun.proxy.$Proxy2.processTestClass(Unknown Source)
	at org.gradle.api.internal.tasks.testing.worker.TestWorker.processTestClass(TestWorker.java:106)
	at sun.reflect.NativeMethodAccessorImpl.invoke0(Native Method)
	at sun.reflect.NativeMethodAccessorImpl.invoke(NativeMethodAccessorImpl.java:62)
	at sun.reflect.DelegatingMethodAccessorImpl.invoke(DelegatingMethodAccessorImpl.java:43)
	at java.lang.reflect.Method.invoke(Method.java:497)
	at org.gradle.messaging.dispatch.ReflectionDispatch.dispatch(ReflectionDispatch.java:35)
	at org.gradle.messaging.dispatch.ReflectionDispatch.dispatch(ReflectionDispatch.java:24)
	at org.gradle.messaging.remote.internal.hub.MessageHub$Handler.run(MessageHub.java:360)
	at org.gradle.internal.concurrent.ExecutorPolicy$CatchAndRecordFailures.onExecute(ExecutorPolicy.java:54)
	at org.gradle.internal.concurrent.StoppableExecutorImpl$1.run(StoppableExecutorImpl.java:40)
	at java.util.concurrent.ThreadPoolExecutor.runWorker(ThreadPoolExecutor.java:1142)
	at java.util.concurrent.ThreadPoolExecutor$Worker.run(ThreadPoolExecutor.java:617)
	at java.lang.Thread.run(Thread.java:745)
</failure>
  </testcase>
  <system-out><![CDATA[]]></system-out>
  <system-err><![CDATA[]]></system-err>
</testsuite>
